<?xml version="1.0" encoding="UTF-8"?>
<testsuite xmlns:xsi="http://www.w3.org/2001/XMLSchema-instance" xsi:noNamespaceSchemaLocation="https://maven.apache.org/surefire/maven-surefire-plugin/xsd/surefire-test-report-3.0.xsd" version="3.0" name="TestSuite" time="174.895" tests="19" errors="0" skipped="0" failures="0">
  <properties>
    <property name="sun.desktop" value="windows"/>
    <property name="awt.toolkit" value="sun.awt.windows.WToolkit"/>
    <property name="java.specification.version" value="11"/>
    <property name="sun.cpu.isalist" value="amd64"/>
    <property name="sun.jnu.encoding" value="Cp1252"/>
    <property name="java.class.path" value="C:\Users\DELL\OneDrive\Desktop\Project_Office\Live_Project\target\test-classes;C:\Users\DELL\OneDrive\Desktop\Project_Office\Live_Project\target\classes;C:\Users\DELL\.m2\repository\com\microsoft\playwright\playwright\1.39.0\playwright-1.39.0.jar;C:\Users\DELL\.m2\repository\com\google\code\gson\gson\2.8.9\gson-2.8.9.jar;C:\Users\DELL\.m2\repository\org\opentest4j\opentest4j\1.2.0\opentest4j-1.2.0.jar;C:\Users\DELL\.m2\repository\com\microsoft\playwright\driver\1.39.0\driver-1.39.0.jar;C:\Users\DELL\.m2\repository\com\microsoft\playwright\driver-bundle\1.39.0\driver-bundle-1.39.0.jar;C:\Users\DELL\.m2\repository\org\testng\testng\7.7.1\testng-7.7.1.jar;C:\Users\DELL\.m2\repository\org\slf4j\slf4j-api\1.7.36\slf4j-api-1.7.36.jar;C:\Users\DELL\.m2\repository\com\beust\jcommander\1.82\jcommander-1.82.jar;C:\Users\DELL\.m2\repository\org\webjars\jquery\3.6.1\jquery-3.6.1.jar;C:\Users\DELL\.m2\repository\com\aventstack\extentreports\5.0.8\extentreports-5.0.8.jar;C:\Users\DELL\.m2\repository\io\reactivex\rxjava3\rxjava\3.0.4\rxjava-3.0.4.jar;C:\Users\DELL\.m2\repository\org\reactivestreams\reactive-streams\1.0.3\reactive-streams-1.0.3.jar;C:\Users\DELL\.m2\repository\org\freemarker\freemarker\2.3.30\freemarker-2.3.30.jar;C:\Users\DELL\.m2\repository\org\projectlombok\lombok\1.18.12\lombok-1.18.12.jar;"/>
    <property name="java.vm.vendor" value="Oracle Corporation"/>
    <property name="sun.arch.data.model" value="64"/>
    <property name="user.variant" value=""/>
    <property name="java.vendor.url" value="https://openjdk.java.net/"/>
    <property name="user.timezone" value="Asia/Calcutta"/>
    <property name="java.vm.specification.version" value="11"/>
    <property name="os.name" value="Windows 11"/>
    <property name="sun.java.launcher" value="SUN_STANDARD"/>
    <property name="user.country" value="IN"/>
    <property name="sun.boot.library.path" value="C:\Program Files\Java\jdk-11\bin"/>
    <property name="sun.java.command" value="C:\Users\DELL\AppData\Local\Temp\surefire1786029858810426965\surefirebooter-20240112115956884_3.jar C:\Users\DELL\AppData\Local\Temp\surefire1786029858810426965 2024-01-12T11-59-56_602-jvmRun1 surefire-20240112115956884_1tmp surefire_0-20240112115956884_2tmp"/>
    <property name="jdk.debug" value="release"/>
    <property name="surefire.test.class.path" value="C:\Users\DELL\OneDrive\Desktop\Project_Office\Live_Project\target\test-classes;C:\Users\DELL\OneDrive\Desktop\Project_Office\Live_Project\target\classes;C:\Users\DELL\.m2\repository\com\microsoft\playwright\playwright\1.39.0\playwright-1.39.0.jar;C:\Users\DELL\.m2\repository\com\google\code\gson\gson\2.8.9\gson-2.8.9.jar;C:\Users\DELL\.m2\repository\org\opentest4j\opentest4j\1.2.0\opentest4j-1.2.0.jar;C:\Users\DELL\.m2\repository\com\microsoft\playwright\driver\1.39.0\driver-1.39.0.jar;C:\Users\DELL\.m2\repository\com\microsoft\playwright\driver-bundle\1.39.0\driver-bundle-1.39.0.jar;C:\Users\DELL\.m2\repository\org\testng\testng\7.7.1\testng-7.7.1.jar;C:\Users\DELL\.m2\repository\org\slf4j\slf4j-api\1.7.36\slf4j-api-1.7.36.jar;C:\Users\DELL\.m2\repository\com\beust\jcommander\1.82\jcommander-1.82.jar;C:\Users\DELL\.m2\repository\org\webjars\jquery\3.6.1\jquery-3.6.1.jar;C:\Users\DELL\.m2\repository\com\aventstack\extentreports\5.0.8\extentreports-5.0.8.jar;C:\Users\DELL\.m2\repository\io\reactivex\rxjava3\rxjava\3.0.4\rxjava-3.0.4.jar;C:\Users\DELL\.m2\repository\org\reactivestreams\reactive-streams\1.0.3\reactive-streams-1.0.3.jar;C:\Users\DELL\.m2\repository\org\freemarker\freemarker\2.3.30\freemarker-2.3.30.jar;C:\Users\DELL\.m2\repository\org\projectlombok\lombok\1.18.12\lombok-1.18.12.jar;"/>
    <property name="sun.cpu.endian" value="little"/>
    <property name="user.home" value="C:\Users\DELL"/>
    <property name="user.language" value="en"/>
    <property name="java.specification.vendor" value="Oracle Corporation"/>
    <property name="java.version.date" value="2023-04-18"/>
    <property name="java.home" value="C:\Program Files\Java\jdk-11"/>
    <property name="file.separator" value="\"/>
    <property name="basedir" value="C:\Users\DELL\OneDrive\Desktop\Project_Office\Live_Project"/>
    <property name="java.vm.compressedOopsMode" value="32-bit"/>
    <property name="line.separator" value="&#10;"/>
    <property name="java.specification.name" value="Java Platform API Specification"/>
    <property name="java.vm.specification.vendor" value="Oracle Corporation"/>
    <property name="java.awt.graphicsenv" value="sun.awt.Win32GraphicsEnvironment"/>
    <property name="surefire.real.class.path" value="C:\Users\DELL\AppData\Local\Temp\surefire1786029858810426965\surefirebooter-20240112115956884_3.jar"/>
    <property name="user.script" value=""/>
    <property name="sun.management.compiler" value="HotSpot 64-Bit Tiered Compilers"/>
    <property name="java.runtime.version" value="11.0.19+9-LTS-224"/>
    <property name="user.name" value="DELL"/>
    <property name="path.separator" value=";"/>
    <property name="os.version" value="10.0"/>
    <property name="java.runtime.name" value="Java(TM) SE Runtime Environment"/>
    <property name="file.encoding" value="Cp1252"/>
    <property name="java.vm.name" value="Java HotSpot(TM) 64-Bit Server VM"/>
    <property name="java.vendor.version" value="18.9"/>
    <property name="localRepository" value="C:\Users\DELL\.m2\repository"/>
    <property name="java.vendor.url.bug" value="https://bugreport.java.com/bugreport/"/>
    <property name="java.io.tmpdir" value="C:\Users\DELL\AppData\Local\Temp\"/>
    <property name="java.version" value="11.0.19"/>
    <property name="user.dir" value="C:\Users\DELL\OneDrive\Desktop\Project_Office\Live_Project"/>
    <property name="os.arch" value="amd64"/>
    <property name="java.vm.specification.name" value="Java Virtual Machine Specification"/>
    <property name="java.awt.printerjob" value="sun.awt.windows.WPrinterJob"/>
    <property name="sun.os.patch.level" value=""/>
    <property name="java.library.path" value="C:\Program Files\Java\jdk-11\bin;C:\WINDOWS\Sun\Java\bin;C:\WINDOWS\system32;C:\WINDOWS;C:\Program Files\Common Files\Oracle\Java\javapath;C:\Windows\system32;C:\Windows;C:\Windows\System32\Wbem;C:\Windows\System32\WindowsPowerShell\v1.0\;C:\Windows\System32\OpenSSH\;C:\Program Files\Microsoft SQL Server\120\Tools\Binn\;C:\Program Files\Common Files\Autodesk Shared\;C:\Program Files\dotnet\;C:\Program Files\Microsoft SQL Server\130\Tools\Binn\;C:\Program Files\Microsoft SQL Server\Client SDK\ODBC\170\Tools\Binn\;C:\Program Files (x86)\NVIDIA Corporation\PhysX\Common;C:\Program Files\NVIDIA Corporation\NVIDIA NvDLISR;C:\WINDOWS\system32;C:\WINDOWS;C:\WINDOWS\System32\Wbem;C:\WINDOWS\System32\WindowsPowerShell\v1.0\;C:\WINDOWS\System32\OpenSSH\;C:\MinGW\bin;C:\Program Files\Java\jdk1.8.0_202\bin;C:\Program Files\MySQL\MySQL Server 5.5\bin;C:\Program Files\nodejs\;C:\Program Files\Java\jdk-11\bin;C:\Program Files\Git\cmd;C:\Program Files\Git\mingw64\bin;C:\Program Files\Git\usr\bin;C:\Users\DELL\Downloads\apache-maven-3.9.6-bin\apache-maven-3.9.6\bin;C:\Users\DELL\scoop\shims;C:\Program Files\MySQL\MySQL Server 5.5\bin;C:\Users\DELL\AppData\Local\Microsoft\WindowsApps;C:\Users\DELL\AppData\Local\Programs\Microsoft VS Code\bin;C:\MinGW\bin;C:\Users\DELL\AppData\Roaming\npm;C:\Program Files\Java\jdk-11\bin;D:\allure-2.24.1\allure-2.24.1\bin;;."/>
    <property name="java.vendor" value="Oracle Corporation"/>
    <property name="java.vm.info" value="mixed mode"/>
    <property name="java.vm.version" value="11.0.19+9-LTS-224"/>
    <property name="sun.io.unicode.encoding" value="UnicodeLittle"/>
    <property name="java.class.version" value="55.0"/>
  </properties>
  <testcase name="login_Test" classname="com.qa.adminTest.AdminLoginTest" time="8.145">
    <system-out><![CDATA[Test Suite started!
login_Test started!
login_Test passed!
]]></system-out>
    <system-err><![CDATA[SLF4J: Failed to load class "org.slf4j.impl.StaticLoggerBinder".
SLF4J: Defaulting to no-operation (NOP) logger implementation
SLF4J: See http://www.slf4j.org/codes.html#StaticLoggerBinder for further details.
]]></system-err>
  </testcase>
  <testcase name="login_With_Invalid_Data" classname="com.qa.adminTest.AdminLoginTest" time="2.374">
    <system-out><![CDATA[login_With_Invalid_Data started!
login_With_Invalid_Data passed!
]]></system-out>
  </testcase>
  <testcase name="add_New_Manufacture" classname="com.qa.adminTest.ManufacturersTest" time="15.706">
    <system-out><![CDATA[add_New_Manufacture started!
add_New_Manufacture passed!
]]></system-out>
  </testcase>
  <testcase name="update_Manufacturer" classname="com.qa.adminTest.ManufacturersTest" time="20.487">
    <system-out><![CDATA[update_Manufacturer started!
update_Manufacturer passed!
]]></system-out>
  </testcase>
  <testcase name="delete_Manufacturer" classname="com.qa.adminTest.ManufacturersTest" time="26.623">
    <system-out><![CDATA[delete_Manufacturer started!
delete_Manufacturer passed!
]]></system-out>
  </testcase>
  <testcase name="create_New_Category" classname="com.qa.adminTest.CategoriesTest" time="4.508">
    <system-out><![CDATA[create_New_Category started!
create_New_Category passed!
]]></system-out>
  </testcase>
  <testcase name="update_Category" classname="com.qa.adminTest.CategoriesTest" time="2.671">
    <system-out><![CDATA[update_Category started!
update_Category passed!
]]></system-out>
  </testcase>
  <testcase name="delete_Category" classname="com.qa.adminTest.CategoriesTest" time="3.25">
    <system-out><![CDATA[delete_Category started!
delete_Category passed!
]]></system-out>
  </testcase>
  <testcase name="add_Subcategory_In_Category" classname="com.qa.adminTest.CategoriesTest" time="6.424">
    <system-out><![CDATA[add_Subcategory_In_Category started!
add_Subcategory_In_Category passed!
]]></system-out>
  </testcase>
  <testcase name="update_Subcategory" classname="com.qa.adminTest.CategoriesTest" time="5.195">
    <system-out><![CDATA[update_Subcategory started!
update_Subcategory passed!
]]></system-out>
  </testcase>
  <testcase name="delete_Subcategory" classname="com.qa.adminTest.CategoriesTest" time="6.609">
    <system-out><![CDATA[delete_Subcategory started!
delete_Subcategory passed!
]]></system-out>
  </testcase>
  <testcase name="add_New_Product" classname="com.qa.adminTest.ProductTest" time="6.91">
    <system-out><![CDATA[add_New_Product started!
add_New_Product passed!
]]></system-out>
  </testcase>
  <testcase name="update_Product" classname="com.qa.adminTest.ProductTest" time="4.769">
    <system-out><![CDATA[update_Product started!
update_Product passed!
]]></system-out>
  </testcase>
  <testcase name="delete_Product" classname="com.qa.adminTest.ProductTest" time="4.141">
    <system-out><![CDATA[delete_Product started!
delete_Product passed!
]]></system-out>
  </testcase>
  <testcase name="add_Product_Under_Catgory" classname="com.qa.adminTest.ProductTest" time="5.426">
    <system-out><![CDATA[add_Product_Under_Catgory started!
add_Product_Under_Catgory passed!
]]></system-out>
  </testcase>
  <testcase name="update_Product_In_Category" classname="com.qa.adminTest.ProductTest" time="4.227">
    <system-out><![CDATA[update_Product_In_Category started!
update_Product_In_Category passed!
]]></system-out>
  </testcase>
  <testcase name="login_Test1" classname="com.qa.userTest.LoginTest" time="2.693">
    <system-out><![CDATA[login_Test1 started!
login_Test1 passed!
]]></system-out>
  </testcase>
  <testcase name="ragister_User" classname="com.qa.userTest.RegisterUser" time="16.314">
    <system-out><![CDATA[ragister_User started!
ragister_User passed!
]]></system-out>
  </testcase>
  <testcase name="buy_Product" classname="com.qa.userTest.BuyProduct" time="13.972">
    <system-out><![CDATA[buy_Product started!
buy_Product passed!
]]></system-out>
  </testcase>
</testsuite>