<?xml version="1.0" encoding="UTF-8"?>
<!-- Generated by org.testng.reporters.JUnitReportReporter -->
<testsuite hostname="DESKTOP-VNAON2C" failures="0" tests="2" name="com.qa.test.AdminLoginTest" time="2.636" errors="0" timestamp="2023-12-26T11:39:23 IST" skipped="0">
  <testcase classname="com.qa.test.AdminLoginTest" name="loginTest" time="1.767"/>
  <system-out/>
  <testcase classname="com.qa.test.AdminLoginTest" name="loginWithInvalidData" time="0.869"/>
  <system-out/>
</testsuite> <!-- com.qa.test.AdminLoginTest -->
