<?xml version="1.0" encoding="UTF-8"?>
<!-- Generated by org.testng.reporters.JUnitReportReporter -->
<testsuite hostname="DESKTOP-VNAON2C" failures="0" tests="6" name="com.qa.adminTest.CategoriesTest" time="40.119" errors="0" timestamp="2024-01-10T19:05:25 IST" skipped="0">
  <testcase classname="com.qa.adminTest.CategoriesTest" name="createNewCategory" time="7.734"/>
  <system-out/>
  <testcase classname="com.qa.adminTest.CategoriesTest" name="updateCategory" time="4.501"/>
  <system-out/>
  <testcase classname="com.qa.adminTest.CategoriesTest" name="deleteCategory" time="4.651"/>
  <system-out/>
  <testcase classname="com.qa.adminTest.CategoriesTest" name="addSubcategoryInCategory" time="7.234"/>
  <system-out/>
  <testcase classname="com.qa.adminTest.CategoriesTest" name="updateSubcategory" time="6.443"/>
  <system-out/>
  <testcase classname="com.qa.adminTest.CategoriesTest" name="deleteSubcategory" time="9.556"/>
  <system-out/>
</testsuite> <!-- com.qa.adminTest.CategoriesTest -->
