<?xml version="1.0" encoding="UTF-8"?>
<!-- Generated by org.testng.reporters.JUnitReportReporter -->
<testsuite hostname="DESKTOP-VNAON2C" failures="0" tests="3" name="com.qa.adminTest.ManufacturersTest" time="135.741" errors="0" timestamp="2024-01-03T15:57:31 IST" skipped="0">
  <testcase classname="com.qa.adminTest.ManufacturersTest" name="addNewManufacture" time="44.339"/>
  <system-out/>
  <testcase classname="com.qa.adminTest.ManufacturersTest" name="updateManufacturer" time="21.196"/>
  <system-out/>
  <testcase classname="com.qa.adminTest.ManufacturersTest" name="deleteManufacturer" time="70.206"/>
  <system-out/>
</testsuite> <!-- com.qa.adminTest.ManufacturersTest -->
