<?xml version="1.0" encoding="UTF-8"?>
<!-- Generated by org.testng.reporters.JUnitReportReporter -->
<testsuite hostname="DESKTOP-VNAON2C" failures="0" tests="1" name="com.qa.test.ManufacturersTest" time="11.310" errors="1" timestamp="2023-12-27T12:25:18 IST" skipped="0">
  <testcase classname="com.qa.test.ManufacturersTest" name="addNewManufacture" time="11.310">
    <error message="Failed to read from file" type="com.microsoft.playwright.PlaywrightException">
      <![CDATA[com.microsoft.playwright.PlaywrightException: Failed to read from file
at com.microsoft.playwright.impl.Utils.toFilePayload(Utils.java:241)
at com.microsoft.playwright.impl.Utils.toFilePayloads(Utils.java:231)
at com.microsoft.playwright.impl.FrameImpl.setInputFilesImpl(FrameImpl.java:773)
at com.microsoft.playwright.impl.PageImpl.lambda$setInputFiles$74(PageImpl.java:1162)
at com.microsoft.playwright.impl.LoggingSupport.lambda$withLogging$0(LoggingSupport.java:36)
at com.microsoft.playwright.impl.LoggingSupport.withLogging(LoggingSupport.java:47)
at com.microsoft.playwright.impl.ChannelOwner.withLogging(ChannelOwner.java:89)
at com.microsoft.playwright.impl.LoggingSupport.withLogging(LoggingSupport.java:35)
at com.microsoft.playwright.impl.PageImpl.setInputFiles(PageImpl.java:1161)
at com.microsoft.playwright.impl.PageImpl.setInputFiles(PageImpl.java:1156)
at com.microsoft.playwright.Page.setInputFiles(Page.java:6749)
at com.qa.pages.ManufacturersPage.addNewManufacturer(ManufacturersPage.java:39)
at com.qa.test.ManufacturersTest.addNewManufacture(ManufacturersTest.java:40)
at java.base/jdk.internal.reflect.NativeMethodAccessorImpl.invoke0(Native Method)
at java.base/jdk.internal.reflect.NativeMethodAccessorImpl.invoke(NativeMethodAccessorImpl.java:77)
at java.base/jdk.internal.reflect.DelegatingMethodAccessorImpl.invoke(DelegatingMethodAccessorImpl.java:43)
at java.base/java.lang.reflect.Method.invoke(Method.java:568)
at org.testng.internal.invokers.MethodInvocationHelper.invokeMethod(MethodInvocationHelper.java:139)
at org.testng.internal.invokers.TestInvoker.invokeMethod(TestInvoker.java:677)
at org.testng.internal.invokers.TestInvoker.invokeTestMethod(TestInvoker.java:221)
at org.testng.internal.invokers.MethodRunner.runInSequence(MethodRunner.java:50)
at org.testng.internal.invokers.TestInvoker$MethodInvocationAgent.invoke(TestInvoker.java:969)
at org.testng.internal.invokers.TestInvoker.invokeTestMethods(TestInvoker.java:194)
at org.testng.internal.invokers.TestMethodWorker.invokeTestMethods(TestMethodWorker.java:148)
at org.testng.internal.invokers.TestMethodWorker.run(TestMethodWorker.java:128)
at java.base/java.util.concurrent.ThreadPoolExecutor.runWorker(ThreadPoolExecutor.java:1136)
at java.base/java.util.concurrent.ThreadPoolExecutor$Worker.run(ThreadPoolExecutor.java:635)
at java.base/java.lang.Thread.run(Thread.java:840)
Caused by: java.nio.file.AccessDeniedException: C:\Users\DELL\OneDrive\Desktop
at java.base/sun.nio.fs.WindowsException.translateToIOException(WindowsException.java:89)
at java.base/sun.nio.fs.WindowsException.rethrowAsIOException(WindowsException.java:103)
at java.base/sun.nio.fs.WindowsException.rethrowAsIOException(WindowsException.java:108)
at java.base/sun.nio.fs.WindowsFileSystemProvider.newByteChannel(WindowsFileSystemProvider.java:236)
at java.base/java.nio.file.Files.newByteChannel(Files.java:380)
at java.base/java.nio.file.Files.newByteChannel(Files.java:432)
at java.base/java.nio.file.Files.readAllBytes(Files.java:3288)
at com.microsoft.playwright.impl.Utils.toFilePayload(Utils.java:239)
... 27 more
]]>
    </error>
  </testcase> <!-- addNewManufacture -->
  <system-out/>
</testsuite> <!-- com.qa.test.ManufacturersTest -->
