<?xml version="1.0" encoding="UTF-8"?>
<!-- Generated by org.testng.reporters.JUnitReportReporter -->
<testsuite hostname="DESKTOP-VNAON2C" failures="0" tests="5" name="com.qa.adminTest.ProductTest" time="35.062" errors="0" timestamp="2024-01-11T10:22:08 IST" skipped="0">
  <testcase classname="com.qa.adminTest.ProductTest" name="addNewProduct" time="10.018"/>
  <system-out/>
  <testcase classname="com.qa.adminTest.ProductTest" name="updateProduct" time="4.185"/>
  <system-out/>
  <testcase classname="com.qa.adminTest.ProductTest" name="deleteProduct" time="4.193"/>
  <system-out/>
  <testcase classname="com.qa.adminTest.ProductTest" name="addProductUnderCatgory" time="6.566"/>
  <system-out/>
  <testcase classname="com.qa.adminTest.ProductTest" name="updateProductInategory" time="10.100"/>
  <system-out/>
</testsuite> <!-- com.qa.adminTest.ProductTest -->
