<?xml version="1.0" encoding="UTF-8"?>
<!-- Generated by org.testng.reporters.JUnitReportReporter -->
<testsuite hostname="DESKTOP-VNAON2C" failures="0" tests="1" name="com.qa.userTest.RegisterUser" time="11.858" errors="0" timestamp="2024-01-03T12:55:38 IST" skipped="0">
  <testcase classname="com.qa.userTest.RegisterUser" name="ragisterUser" time="11.858"/>
  <system-out/>
</testsuite> <!-- com.qa.userTest.RegisterUser -->
