<?xml version="1.0" encoding="UTF-8"?>
<!-- Generated by org.testng.reporters.JUnitReportReporter -->
<testsuite hostname="DESKTOP-VNAON2C" failures="0" tests="5" name="com.qa.adminTest.ProductTest" time="48.758" errors="1" timestamp="2024-01-12T11:32:27 IST" skipped="0">
  <testcase classname="com.qa.adminTest.ProductTest" name="add_New_Product" time="3.878"/>
  <system-out/>
  <testcase classname="com.qa.adminTest.ProductTest" name="update_Product" time="3.487"/>
  <system-out/>
  <testcase classname="com.qa.adminTest.ProductTest" name="delete_Product" time="3.550"/>
  <system-out/>
  <testcase classname="com.qa.adminTest.ProductTest" name="add_Product_Under_Catgory" time="5.308"/>
  <system-out/>
  <testcase classname="com.qa.adminTest.ProductTest" name="update_Product_In_Category" time="32.535">
    <error message="Error {
  message=&#039;Timeout 30000ms exceeded.
=========================== logs ===========================
waiting for locator(&quot;xpath=//span[text()=&#039;Edit&#039;]&quot;)
============================================================
  name=&#039;TimeoutError
  stack=&#039;TimeoutError: Timeout 30000ms exceeded.
=========================== logs ===========================
waiting for locator(&quot;xpath=//span[text()=&#039;Edit&#039;]&quot;)
============================================================
    at ProgressController.run (C:\Users\DELL\AppData\Local\Temp\playwright-java-9502848029025979495\package\lib\server\progress.js:88:26)
    at Frame.click (C:\Users\DELL\AppData\Local\Temp\playwright-java-9502848029025979495\package\lib\server\frames.js:995:23)
    at FrameDispatcher.click (C:\Users\DELL\AppData\Local\Temp\playwright-java-9502848029025979495\package\lib\server\dispatchers\frameDispatcher.js:154:30)
    at DispatcherConnection.dispatch (C:\Users\DELL\AppData\Local\Temp\playwright-java-9502848029025979495\package\lib\server\dispatchers\dispatcher.js:346:46)
}" type="com.microsoft.playwright.TimeoutError">
      <![CDATA[com.microsoft.playwright.TimeoutError: Error {
  message='Timeout 30000ms exceeded.
=========================== logs ===========================
waiting for locator("xpath=//span[text()='Edit']")
============================================================
  name='TimeoutError
  stack='TimeoutError: Timeout 30000ms exceeded.
=========================== logs ===========================
waiting for locator("xpath=//span[text()='Edit']")
============================================================
    at ProgressController.run (C:\Users\DELL\AppData\Local\Temp\playwright-java-9502848029025979495\package\lib\server\progress.js:88:26)
    at Frame.click (C:\Users\DELL\AppData\Local\Temp\playwright-java-9502848029025979495\package\lib\server\frames.js:995:23)
    at FrameDispatcher.click (C:\Users\DELL\AppData\Local\Temp\playwright-java-9502848029025979495\package\lib\server\dispatchers\frameDispatcher.js:154:30)
    at DispatcherConnection.dispatch (C:\Users\DELL\AppData\Local\Temp\playwright-java-9502848029025979495\package\lib\server\dispatchers\dispatcher.js:346:46)
}
at com.microsoft.playwright.impl.WaitableResult.get(WaitableResult.java:52)
at com.microsoft.playwright.impl.ChannelOwner.runUntil(ChannelOwner.java:120)
at com.microsoft.playwright.impl.Connection.sendMessage(Connection.java:126)
at com.microsoft.playwright.impl.ChannelOwner.sendMessage(ChannelOwner.java:106)
at com.microsoft.playwright.impl.FrameImpl.clickImpl(FrameImpl.java:252)
at com.microsoft.playwright.impl.PageImpl.lambda$click$17(PageImpl.java:577)
at com.microsoft.playwright.impl.LoggingSupport.lambda$withLogging$0(LoggingSupport.java:36)
at com.microsoft.playwright.impl.LoggingSupport.withLogging(LoggingSupport.java:47)
at com.microsoft.playwright.impl.ChannelOwner.withLogging(ChannelOwner.java:89)
at com.microsoft.playwright.impl.LoggingSupport.withLogging(LoggingSupport.java:35)
at com.microsoft.playwright.impl.PageImpl.click(PageImpl.java:576)
at com.microsoft.playwright.Page.click(Page.java:3741)
at com.qa.adminPages.ProductPage.updateProduct(ProductPage.java:76)
at com.qa.adminTest.ProductTest.update_Product_In_Category(ProductTest.java:172)
at java.base/jdk.internal.reflect.NativeMethodAccessorImpl.invoke0(Native Method)
at java.base/jdk.internal.reflect.NativeMethodAccessorImpl.invoke(NativeMethodAccessorImpl.java:77)
at java.base/jdk.internal.reflect.DelegatingMethodAccessorImpl.invoke(DelegatingMethodAccessorImpl.java:43)
at java.base/java.lang.reflect.Method.invoke(Method.java:568)
at org.testng.internal.invokers.MethodInvocationHelper.invokeMethod(MethodInvocationHelper.java:139)
at org.testng.internal.invokers.TestInvoker.invokeMethod(TestInvoker.java:677)
at org.testng.internal.invokers.TestInvoker.invokeTestMethod(TestInvoker.java:221)
at org.testng.internal.invokers.MethodRunner.runInSequence(MethodRunner.java:50)
at org.testng.internal.invokers.TestInvoker$MethodInvocationAgent.invoke(TestInvoker.java:969)
at org.testng.internal.invokers.TestInvoker.invokeTestMethods(TestInvoker.java:194)
at org.testng.internal.invokers.TestMethodWorker.invokeTestMethods(TestMethodWorker.java:148)
at org.testng.internal.invokers.TestMethodWorker.run(TestMethodWorker.java:128)
at java.base/java.util.ArrayList.forEach(ArrayList.java:1511)
at org.testng.TestRunner.privateRun(TestRunner.java:829)
at org.testng.TestRunner.run(TestRunner.java:602)
at org.testng.SuiteRunner.runTest(SuiteRunner.java:437)
at org.testng.SuiteRunner.runSequentially(SuiteRunner.java:431)
at org.testng.SuiteRunner.privateRun(SuiteRunner.java:391)
at org.testng.SuiteRunner.run(SuiteRunner.java:330)
at org.testng.SuiteRunnerWorker.runSuite(SuiteRunnerWorker.java:52)
at org.testng.SuiteRunnerWorker.run(SuiteRunnerWorker.java:95)
at org.testng.TestNG.runSuitesSequentially(TestNG.java:1256)
at org.testng.TestNG.runSuitesLocally(TestNG.java:1176)
at org.testng.TestNG.runSuites(TestNG.java:1099)
at org.testng.TestNG.run(TestNG.java:1067)
at org.testng.remote.AbstractRemoteTestNG.run(AbstractRemoteTestNG.java:115)
at org.testng.remote.RemoteTestNG.initAndRun(RemoteTestNG.java:251)
at org.testng.remote.RemoteTestNG.main(RemoteTestNG.java:77)
Caused by: com.microsoft.playwright.TimeoutError: Error {
  message='Timeout 30000ms exceeded.
=========================== logs ===========================
waiting for locator("xpath=//span[text()='Edit']")
============================================================
  name='TimeoutError
  stack='TimeoutError: Timeout 30000ms exceeded.
=========================== logs ===========================
waiting for locator("xpath=//span[text()='Edit']")
============================================================
    at ProgressController.run (C:\Users\DELL\AppData\Local\Temp\playwright-java-9502848029025979495\package\lib\server\progress.js:88:26)
    at Frame.click (C:\Users\DELL\AppData\Local\Temp\playwright-java-9502848029025979495\package\lib\server\frames.js:995:23)
    at FrameDispatcher.click (C:\Users\DELL\AppData\Local\Temp\playwright-java-9502848029025979495\package\lib\server\dispatchers\frameDispatcher.js:154:30)
    at DispatcherConnection.dispatch (C:\Users\DELL\AppData\Local\Temp\playwright-java-9502848029025979495\package\lib\server\dispatchers\dispatcher.js:346:46)
}
at com.microsoft.playwright.impl.Connection.dispatch(Connection.java:224)
at com.microsoft.playwright.impl.Connection.processOneMessage(Connection.java:206)
at com.microsoft.playwright.impl.ChannelOwner.runUntil(ChannelOwner.java:118)
... 40 more
]]>
    </error>
  </testcase> <!-- update_Product_In_Category -->
  <system-out/>
</testsuite> <!-- com.qa.adminTest.ProductTest -->
