<?xml version="1.0" encoding="UTF-8"?>
<!-- Generated by org.testng.reporters.JUnitReportReporter -->
<testsuite hostname="DESKTOP-VNAON2C" failures="0" tests="2" name="com.qa.adminTest.AdminLoginTest" time="3.034" errors="0" timestamp="2024-01-03T14:51:48 IST" skipped="0">
  <testcase classname="com.qa.adminTest.AdminLoginTest" name="loginTest" time="2.065"/>
  <system-out/>
  <testcase classname="com.qa.adminTest.AdminLoginTest" name="loginWithInvalidData" time="0.969"/>
  <system-out/>
</testsuite> <!-- com.qa.adminTest.AdminLoginTest -->
