<?xml version="1.0" encoding="UTF-8"?>
<!-- Generated by org.testng.reporters.JUnitReportReporter -->
<testsuite hostname="DESKTOP-VNAON2C" failures="0" tests="4" name="com.qa.test.CurrencyTest" time="77.840" errors="0" timestamp="2023-12-27T11:09:04 IST" skipped="0">
  <testcase classname="com.qa.test.CurrencyTest" name="addNewCurrency" time="48.124"/>
  <system-out/>
  <testcase classname="com.qa.test.CurrencyTest" name="updateCurrency" time="5.583"/>
  <system-out/>
  <testcase classname="com.qa.test.CurrencyTest" name="setAsDefault" time="6.726"/>
  <system-out/>
  <testcase classname="com.qa.test.CurrencyTest" name="deleteCurrency" time="17.407"/>
  <system-out/>
</testsuite> <!-- com.qa.test.CurrencyTest -->
