<?xml version="1.0" encoding="UTF-8"?>
<!-- Generated by org.testng.reporters.JUnitReportReporter -->
<testsuite hostname="DESKTOP-VNAON2C" failures="0" tests="1" name="com.qa.userTest.BuyProduct" time="17.184" errors="0" timestamp="2024-01-02T12:01:28 IST" skipped="0">
  <testcase classname="com.qa.userTest.BuyProduct" name="buyProduct" time="17.184"/>
  <system-out/>
</testsuite> <!-- com.qa.userTest.BuyProduct -->
