<?xml version="1.0" encoding="UTF-8"?>
<!-- Generated by org.testng.reporters.JUnitReportReporter -->
<testsuite hostname="DESKTOP-VNAON2C" failures="0" tests="6" name="com.qa.test.CategoriesTest" time="27.684" errors="0" timestamp="2023-12-26T11:39:23 IST" skipped="0">
  <testcase classname="com.qa.test.CategoriesTest" name="createNewCategory" time="3.534"/>
  <system-out/>
  <testcase classname="com.qa.test.CategoriesTest" name="updateCategory" time="7.764"/>
  <system-out/>
  <testcase classname="com.qa.test.CategoriesTest" name="deleteCategory" time="2.601"/>
  <system-out/>
  <testcase classname="com.qa.test.CategoriesTest" name="addSubcategoryInCategory" time="4.215"/>
  <system-out/>
  <testcase classname="com.qa.test.CategoriesTest" name="updateSubcategory" time="4.652"/>
  <system-out/>
  <testcase classname="com.qa.test.CategoriesTest" name="deleteSubcategory" time="4.918"/>
  <system-out/>
</testsuite> <!-- com.qa.test.CategoriesTest -->
