<?xml version="1.0" encoding="UTF-8"?>
<!-- Generated by org.testng.reporters.JUnitReportReporter -->
<testsuite hostname="DESKTOP-VNAON2C" failures="0" tests="3" name="com.qa.adminTest.ManufacturersTest" time="13.761" errors="3" timestamp="2024-01-03T15:58:03 IST" skipped="0">
  <testcase classname="com.qa.adminTest.ManufacturersTest" name="addNewManufacture" time="13.739">
    <error message="Error {
  message=&#039;Target page, context or browser has been closed
  name=&#039;Error
  stack=&#039;Error: Target page, context or browser has been closed
    at DispatcherConnection.dispatch (C:\Users\DELL\AppData\Local\Temp\playwright-java-16974859153943116240\package\lib\server\dispatchers\dispatcher.js:260:49)
    at transport.onmessage (C:\Users\DELL\AppData\Local\Temp\playwright-java-16974859153943116240\package\lib\cli\driver.js:52:57)
    at Immediate._onImmediate (C:\Users\DELL\AppData\Local\Temp\playwright-java-16974859153943116240\package\lib\protocol\transport.js:77:34)
    at process.processImmediate (node:internal/timers:476:21)
}" type="com.microsoft.playwright.PlaywrightException">
      <![CDATA[com.microsoft.playwright.PlaywrightException: Error {
  message='Target page, context or browser has been closed
  name='Error
  stack='Error: Target page, context or browser has been closed
    at DispatcherConnection.dispatch (C:\Users\DELL\AppData\Local\Temp\playwright-java-16974859153943116240\package\lib\server\dispatchers\dispatcher.js:260:49)
    at transport.onmessage (C:\Users\DELL\AppData\Local\Temp\playwright-java-16974859153943116240\package\lib\cli\driver.js:52:57)
    at Immediate._onImmediate (C:\Users\DELL\AppData\Local\Temp\playwright-java-16974859153943116240\package\lib\protocol\transport.js:77:34)
    at process.processImmediate (node:internal/timers:476:21)
}
at com.microsoft.playwright.impl.WaitableResult.get(WaitableResult.java:54)
at com.microsoft.playwright.impl.ChannelOwner.runUntil(ChannelOwner.java:120)
at com.microsoft.playwright.impl.Connection.sendMessage(Connection.java:126)
at com.microsoft.playwright.impl.ChannelOwner.sendMessage(ChannelOwner.java:106)
at com.microsoft.playwright.impl.FrameImpl.evalOnSelectorAllImpl(FrameImpl.java:165)
at com.microsoft.playwright.impl.FrameImpl.lambda$evalOnSelectorAll$4(FrameImpl.java:157)
at com.microsoft.playwright.impl.LoggingSupport.withLogging(LoggingSupport.java:47)
at com.microsoft.playwright.impl.ChannelOwner.withLogging(ChannelOwner.java:89)
at com.microsoft.playwright.impl.FrameImpl.evalOnSelectorAll(FrameImpl.java:157)
at com.microsoft.playwright.Frame.evalOnSelectorAll(Frame.java:2810)
at com.microsoft.playwright.impl.LocatorImpl.allTextContents(LocatorImpl.java:91)
at com.qa.adminPages.ManufacturersPage.checkAddedManufacturer(ManufacturersPage.java:53)
at com.qa.adminTest.ManufacturersTest.addNewManufacture(ManufacturersTest.java:43)
at java.base/jdk.internal.reflect.NativeMethodAccessorImpl.invoke0(Native Method)
at java.base/jdk.internal.reflect.NativeMethodAccessorImpl.invoke(NativeMethodAccessorImpl.java:62)
at java.base/jdk.internal.reflect.DelegatingMethodAccessorImpl.invoke(DelegatingMethodAccessorImpl.java:43)
at java.base/java.lang.reflect.Method.invoke(Method.java:566)
at org.testng.internal.invokers.MethodInvocationHelper.invokeMethod(MethodInvocationHelper.java:139)
at org.testng.internal.invokers.TestInvoker.invokeMethod(TestInvoker.java:677)
at org.testng.internal.invokers.TestInvoker.invokeTestMethod(TestInvoker.java:221)
at org.testng.internal.invokers.MethodRunner.runInSequence(MethodRunner.java:50)
at org.testng.internal.invokers.TestInvoker$MethodInvocationAgent.invoke(TestInvoker.java:969)
at org.testng.internal.invokers.TestInvoker.invokeTestMethods(TestInvoker.java:194)
at org.testng.internal.invokers.TestMethodWorker.invokeTestMethods(TestMethodWorker.java:148)
at org.testng.internal.invokers.TestMethodWorker.run(TestMethodWorker.java:128)
at java.base/java.util.ArrayList.forEach(ArrayList.java:1541)
at org.testng.TestRunner.privateRun(TestRunner.java:829)
at org.testng.TestRunner.run(TestRunner.java:602)
at org.testng.SuiteRunner.runTest(SuiteRunner.java:437)
at org.testng.SuiteRunner$SuiteWorker.run(SuiteRunner.java:475)
at org.testng.internal.thread.ThreadUtil.lambda$execute$0(ThreadUtil.java:58)
at java.base/java.util.concurrent.FutureTask.run(FutureTask.java:264)
at java.base/java.util.concurrent.ThreadPoolExecutor.runWorker(ThreadPoolExecutor.java:1128)
at java.base/java.util.concurrent.ThreadPoolExecutor$Worker.run(ThreadPoolExecutor.java:628)
at java.base/java.lang.Thread.run(Thread.java:834)
Caused by: com.microsoft.playwright.impl.DriverException: Error {
  message='Target page, context or browser has been closed
  name='Error
  stack='Error: Target page, context or browser has been closed
    at DispatcherConnection.dispatch (C:\Users\DELL\AppData\Local\Temp\playwright-java-16974859153943116240\package\lib\server\dispatchers\dispatcher.js:260:49)
    at transport.onmessage (C:\Users\DELL\AppData\Local\Temp\playwright-java-16974859153943116240\package\lib\cli\driver.js:52:57)
    at Immediate._onImmediate (C:\Users\DELL\AppData\Local\Temp\playwright-java-16974859153943116240\package\lib\protocol\transport.js:77:34)
    at process.processImmediate (node:internal/timers:476:21)
}
at com.microsoft.playwright.impl.Connection.dispatch(Connection.java:226)
at com.microsoft.playwright.impl.Connection.processOneMessage(Connection.java:206)
at com.microsoft.playwright.impl.ChannelOwner.runUntil(ChannelOwner.java:118)
... 33 more
]]>
    </error>
  </testcase> <!-- addNewManufacture -->
  <system-out/>
  <testcase classname="com.qa.adminTest.ManufacturersTest" name="updateManufacturer" time="0.012">
    <error message="Error {
  message=&#039;Target page, context or browser has been closed
  name=&#039;Error
  stack=&#039;Error: Target page, context or browser has been closed
    at DispatcherConnection.dispatch (C:\Users\DELL\AppData\Local\Temp\playwright-java-16974859153943116240\package\lib\server\dispatchers\dispatcher.js:260:49)
    at transport.onmessage (C:\Users\DELL\AppData\Local\Temp\playwright-java-16974859153943116240\package\lib\cli\driver.js:52:57)
    at Immediate._onImmediate (C:\Users\DELL\AppData\Local\Temp\playwright-java-16974859153943116240\package\lib\protocol\transport.js:77:34)
    at process.processImmediate (node:internal/timers:476:21)
}" type="com.microsoft.playwright.PlaywrightException">
      <![CDATA[com.microsoft.playwright.PlaywrightException: Error {
  message='Target page, context or browser has been closed
  name='Error
  stack='Error: Target page, context or browser has been closed
    at DispatcherConnection.dispatch (C:\Users\DELL\AppData\Local\Temp\playwright-java-16974859153943116240\package\lib\server\dispatchers\dispatcher.js:260:49)
    at transport.onmessage (C:\Users\DELL\AppData\Local\Temp\playwright-java-16974859153943116240\package\lib\cli\driver.js:52:57)
    at Immediate._onImmediate (C:\Users\DELL\AppData\Local\Temp\playwright-java-16974859153943116240\package\lib\protocol\transport.js:77:34)
    at process.processImmediate (node:internal/timers:476:21)
}
at com.microsoft.playwright.impl.WaitableResult.get(WaitableResult.java:54)
at com.microsoft.playwright.impl.ChannelOwner.runUntil(ChannelOwner.java:120)
at com.microsoft.playwright.impl.Connection.sendMessage(Connection.java:126)
at com.microsoft.playwright.impl.ChannelOwner.sendMessage(ChannelOwner.java:106)
at com.microsoft.playwright.impl.FrameImpl.navigateImpl(FrameImpl.java:463)
at com.microsoft.playwright.impl.PageImpl.lambda$navigate$45(PageImpl.java:827)
at com.microsoft.playwright.impl.LoggingSupport.withLogging(LoggingSupport.java:47)
at com.microsoft.playwright.impl.ChannelOwner.withLogging(ChannelOwner.java:89)
at com.microsoft.playwright.impl.PageImpl.navigate(PageImpl.java:827)
at com.microsoft.playwright.impl.PageImpl.navigate(PageImpl.java:42)
at com.microsoft.playwright.Page.navigate(Page.java:5282)
at com.qa.adminPages.AdminLoginPage.goToAdminLoginPage(AdminLoginPage.java:24)
at com.qa.adminTest.ManufacturersTest.updateManufacturer(ManufacturersTest.java:54)
at java.base/jdk.internal.reflect.NativeMethodAccessorImpl.invoke0(Native Method)
at java.base/jdk.internal.reflect.NativeMethodAccessorImpl.invoke(NativeMethodAccessorImpl.java:62)
at java.base/jdk.internal.reflect.DelegatingMethodAccessorImpl.invoke(DelegatingMethodAccessorImpl.java:43)
at java.base/java.lang.reflect.Method.invoke(Method.java:566)
at org.testng.internal.invokers.MethodInvocationHelper.invokeMethod(MethodInvocationHelper.java:139)
at org.testng.internal.invokers.TestInvoker.invokeMethod(TestInvoker.java:677)
at org.testng.internal.invokers.TestInvoker.invokeTestMethod(TestInvoker.java:221)
at org.testng.internal.invokers.MethodRunner.runInSequence(MethodRunner.java:50)
at org.testng.internal.invokers.TestInvoker$MethodInvocationAgent.invoke(TestInvoker.java:969)
at org.testng.internal.invokers.TestInvoker.invokeTestMethods(TestInvoker.java:194)
at org.testng.internal.invokers.TestMethodWorker.invokeTestMethods(TestMethodWorker.java:148)
at org.testng.internal.invokers.TestMethodWorker.run(TestMethodWorker.java:128)
at java.base/java.util.ArrayList.forEach(ArrayList.java:1541)
at org.testng.TestRunner.privateRun(TestRunner.java:829)
at org.testng.TestRunner.run(TestRunner.java:602)
at org.testng.SuiteRunner.runTest(SuiteRunner.java:437)
at org.testng.SuiteRunner$SuiteWorker.run(SuiteRunner.java:475)
at org.testng.internal.thread.ThreadUtil.lambda$execute$0(ThreadUtil.java:58)
at java.base/java.util.concurrent.FutureTask.run(FutureTask.java:264)
at java.base/java.util.concurrent.ThreadPoolExecutor.runWorker(ThreadPoolExecutor.java:1128)
at java.base/java.util.concurrent.ThreadPoolExecutor$Worker.run(ThreadPoolExecutor.java:628)
at java.base/java.lang.Thread.run(Thread.java:834)
Caused by: com.microsoft.playwright.impl.DriverException: Error {
  message='Target page, context or browser has been closed
  name='Error
  stack='Error: Target page, context or browser has been closed
    at DispatcherConnection.dispatch (C:\Users\DELL\AppData\Local\Temp\playwright-java-16974859153943116240\package\lib\server\dispatchers\dispatcher.js:260:49)
    at transport.onmessage (C:\Users\DELL\AppData\Local\Temp\playwright-java-16974859153943116240\package\lib\cli\driver.js:52:57)
    at Immediate._onImmediate (C:\Users\DELL\AppData\Local\Temp\playwright-java-16974859153943116240\package\lib\protocol\transport.js:77:34)
    at process.processImmediate (node:internal/timers:476:21)
}
at com.microsoft.playwright.impl.Connection.dispatch(Connection.java:226)
at com.microsoft.playwright.impl.Connection.processOneMessage(Connection.java:206)
at com.microsoft.playwright.impl.ChannelOwner.runUntil(ChannelOwner.java:118)
... 33 more
]]>
    </error>
  </testcase> <!-- updateManufacturer -->
  <system-out/>
  <testcase classname="com.qa.adminTest.ManufacturersTest" name="deleteManufacturer" time="0.010">
    <error message="Error {
  message=&#039;Target page, context or browser has been closed
  name=&#039;Error
  stack=&#039;Error: Target page, context or browser has been closed
    at DispatcherConnection.dispatch (C:\Users\DELL\AppData\Local\Temp\playwright-java-16974859153943116240\package\lib\server\dispatchers\dispatcher.js:260:49)
    at transport.onmessage (C:\Users\DELL\AppData\Local\Temp\playwright-java-16974859153943116240\package\lib\cli\driver.js:52:57)
    at Immediate._onImmediate (C:\Users\DELL\AppData\Local\Temp\playwright-java-16974859153943116240\package\lib\protocol\transport.js:77:34)
    at process.processImmediate (node:internal/timers:476:21)
}" type="com.microsoft.playwright.PlaywrightException">
      <![CDATA[com.microsoft.playwright.PlaywrightException: Error {
  message='Target page, context or browser has been closed
  name='Error
  stack='Error: Target page, context or browser has been closed
    at DispatcherConnection.dispatch (C:\Users\DELL\AppData\Local\Temp\playwright-java-16974859153943116240\package\lib\server\dispatchers\dispatcher.js:260:49)
    at transport.onmessage (C:\Users\DELL\AppData\Local\Temp\playwright-java-16974859153943116240\package\lib\cli\driver.js:52:57)
    at Immediate._onImmediate (C:\Users\DELL\AppData\Local\Temp\playwright-java-16974859153943116240\package\lib\protocol\transport.js:77:34)
    at process.processImmediate (node:internal/timers:476:21)
}
at com.microsoft.playwright.impl.WaitableResult.get(WaitableResult.java:54)
at com.microsoft.playwright.impl.ChannelOwner.runUntil(ChannelOwner.java:120)
at com.microsoft.playwright.impl.Connection.sendMessage(Connection.java:126)
at com.microsoft.playwright.impl.ChannelOwner.sendMessage(ChannelOwner.java:106)
at com.microsoft.playwright.impl.FrameImpl.navigateImpl(FrameImpl.java:463)
at com.microsoft.playwright.impl.PageImpl.lambda$navigate$45(PageImpl.java:827)
at com.microsoft.playwright.impl.LoggingSupport.withLogging(LoggingSupport.java:47)
at com.microsoft.playwright.impl.ChannelOwner.withLogging(ChannelOwner.java:89)
at com.microsoft.playwright.impl.PageImpl.navigate(PageImpl.java:827)
at com.microsoft.playwright.impl.PageImpl.navigate(PageImpl.java:42)
at com.microsoft.playwright.Page.navigate(Page.java:5282)
at com.qa.adminPages.AdminLoginPage.goToAdminLoginPage(AdminLoginPage.java:24)
at com.qa.adminTest.ManufacturersTest.deleteManufacturer(ManufacturersTest.java:83)
at java.base/jdk.internal.reflect.NativeMethodAccessorImpl.invoke0(Native Method)
at java.base/jdk.internal.reflect.NativeMethodAccessorImpl.invoke(NativeMethodAccessorImpl.java:62)
at java.base/jdk.internal.reflect.DelegatingMethodAccessorImpl.invoke(DelegatingMethodAccessorImpl.java:43)
at java.base/java.lang.reflect.Method.invoke(Method.java:566)
at org.testng.internal.invokers.MethodInvocationHelper.invokeMethod(MethodInvocationHelper.java:139)
at org.testng.internal.invokers.TestInvoker.invokeMethod(TestInvoker.java:677)
at org.testng.internal.invokers.TestInvoker.invokeTestMethod(TestInvoker.java:221)
at org.testng.internal.invokers.MethodRunner.runInSequence(MethodRunner.java:50)
at org.testng.internal.invokers.TestInvoker$MethodInvocationAgent.invoke(TestInvoker.java:969)
at org.testng.internal.invokers.TestInvoker.invokeTestMethods(TestInvoker.java:194)
at org.testng.internal.invokers.TestMethodWorker.invokeTestMethods(TestMethodWorker.java:148)
at org.testng.internal.invokers.TestMethodWorker.run(TestMethodWorker.java:128)
at java.base/java.util.ArrayList.forEach(ArrayList.java:1541)
at org.testng.TestRunner.privateRun(TestRunner.java:829)
at org.testng.TestRunner.run(TestRunner.java:602)
at org.testng.SuiteRunner.runTest(SuiteRunner.java:437)
at org.testng.SuiteRunner$SuiteWorker.run(SuiteRunner.java:475)
at org.testng.internal.thread.ThreadUtil.lambda$execute$0(ThreadUtil.java:58)
at java.base/java.util.concurrent.FutureTask.run(FutureTask.java:264)
at java.base/java.util.concurrent.ThreadPoolExecutor.runWorker(ThreadPoolExecutor.java:1128)
at java.base/java.util.concurrent.ThreadPoolExecutor$Worker.run(ThreadPoolExecutor.java:628)
at java.base/java.lang.Thread.run(Thread.java:834)
Caused by: com.microsoft.playwright.impl.DriverException: Error {
  message='Target page, context or browser has been closed
  name='Error
  stack='Error: Target page, context or browser has been closed
    at DispatcherConnection.dispatch (C:\Users\DELL\AppData\Local\Temp\playwright-java-16974859153943116240\package\lib\server\dispatchers\dispatcher.js:260:49)
    at transport.onmessage (C:\Users\DELL\AppData\Local\Temp\playwright-java-16974859153943116240\package\lib\cli\driver.js:52:57)
    at Immediate._onImmediate (C:\Users\DELL\AppData\Local\Temp\playwright-java-16974859153943116240\package\lib\protocol\transport.js:77:34)
    at process.processImmediate (node:internal/timers:476:21)
}
at com.microsoft.playwright.impl.Connection.dispatch(Connection.java:226)
at com.microsoft.playwright.impl.Connection.processOneMessage(Connection.java:206)
at com.microsoft.playwright.impl.ChannelOwner.runUntil(ChannelOwner.java:118)
... 33 more
]]>
    </error>
  </testcase> <!-- deleteManufacturer -->
  <system-out/>
</testsuite> <!-- com.qa.adminTest.ManufacturersTest -->
