<?xml version="1.0" encoding="UTF-8"?>
<!-- Generated by org.testng.reporters.JUnitReportReporter -->
<testsuite hostname="DESKTOP-VNAON2C" failures="0" tests="1" name="com.qa.userTest.LoginTest" time="2.693" errors="0" timestamp="2024-01-12T12:02:52 IST" skipped="0">
  <testcase classname="com.qa.userTest.LoginTest" name="login_Test1" time="2.693"/>
  <system-out/>
</testsuite> <!-- com.qa.userTest.LoginTest -->
