<?xml version="1.0" encoding="UTF-8"?>
<!-- Generated by org.testng.reporters.JUnitReportReporter -->
<testsuite hostname="DESKTOP-VNAON2C" failures="0" tests="2" name="com.qa.adminTest.AdminLoginTest" time="4.595" errors="0" timestamp="2024-01-10T19:59:48 IST" skipped="0">
  <testcase classname="com.qa.adminTest.AdminLoginTest" name="loginTest" time="3.331"/>
  <system-out/>
  <testcase classname="com.qa.adminTest.AdminLoginTest" name="loginWithInvalidData" time="1.264"/>
  <system-out/>
</testsuite> <!-- com.qa.adminTest.AdminLoginTest -->
