<?xml version="1.0" encoding="UTF-8"?>
<!-- Generated by org.testng.reporters.JUnitReportReporter -->
<testsuite hostname="DESKTOP-VNAON2C" failures="0" tests="5" name="com.qa.adminTest.ProductTest" time="25.471" errors="0" timestamp="2024-01-12T12:02:52 IST" skipped="0">
  <testcase classname="com.qa.adminTest.ProductTest" name="add_New_Product" time="6.910"/>
  <system-out/>
  <testcase classname="com.qa.adminTest.ProductTest" name="update_Product" time="4.769"/>
  <system-out/>
  <testcase classname="com.qa.adminTest.ProductTest" name="delete_Product" time="4.140"/>
  <system-out/>
  <testcase classname="com.qa.adminTest.ProductTest" name="add_Product_Under_Catgory" time="5.425"/>
  <system-out/>
  <testcase classname="com.qa.adminTest.ProductTest" name="update_Product_In_Category" time="4.227"/>
  <system-out/>
</testsuite> <!-- com.qa.adminTest.ProductTest -->
