<?xml version="1.0" encoding="UTF-8"?>
<!-- Generated by org.testng.reporters.JUnitReportReporter -->
<testsuite hostname="DESKTOP-VNAON2C" failures="0" tests="2" name="com.qa.adminTest.AdminLoginTest" time="7.384" errors="0" timestamp="2024-01-03T15:58:03 IST" skipped="0">
  <testcase classname="com.qa.adminTest.AdminLoginTest" name="loginTest" time="5.778"/>
  <system-out/>
  <testcase classname="com.qa.adminTest.AdminLoginTest" name="loginWithInvalidData" time="1.606"/>
  <system-out/>
</testsuite> <!-- com.qa.adminTest.AdminLoginTest -->
