<?xml version="1.0" encoding="UTF-8"?>
<!-- Generated by org.testng.reporters.JUnitReportReporter -->
<testsuite hostname="DESKTOP-VNAON2C" failures="0" tests="2" name="com.qa.adminTest.AdminLoginTest" time="10.519" errors="0" timestamp="2024-01-12T12:02:52 IST" skipped="0">
  <testcase classname="com.qa.adminTest.AdminLoginTest" name="login_Test" time="8.143"/>
  <system-out/>
  <testcase classname="com.qa.adminTest.AdminLoginTest" name="login_With_Invalid_Data" time="2.376"/>
  <system-out/>
</testsuite> <!-- com.qa.adminTest.AdminLoginTest -->
