<?xml version="1.0" encoding="UTF-8"?>
<!-- Generated by org.testng.reporters.JUnitReportReporter -->
<testsuite hostname="DESKTOP-VNAON2C" failures="0" tests="1" name="com.qa.userTest.BuyProduct" time="13.972" errors="0" timestamp="2024-01-12T12:02:52 IST" skipped="0">
  <testcase classname="com.qa.userTest.BuyProduct" name="buy_Product" time="13.972"/>
  <system-out/>
</testsuite> <!-- com.qa.userTest.BuyProduct -->
