<?xml version="1.0" encoding="UTF-8"?>
<!-- Generated by org.testng.reporters.JUnitReportReporter -->
<testsuite hostname="DESKTOP-VNAON2C" failures="0" tests="6" name="com.qa.adminTest.CategoriesTest" time="28.651" errors="0" timestamp="2024-01-12T12:02:52 IST" skipped="0">
  <testcase classname="com.qa.adminTest.CategoriesTest" name="create_New_Category" time="4.509"/>
  <system-out/>
  <testcase classname="com.qa.adminTest.CategoriesTest" name="update_Category" time="2.668"/>
  <system-out/>
  <testcase classname="com.qa.adminTest.CategoriesTest" name="delete_Category" time="3.249"/>
  <system-out/>
  <testcase classname="com.qa.adminTest.CategoriesTest" name="add_Subcategory_In_Category" time="6.423"/>
  <system-out/>
  <testcase classname="com.qa.adminTest.CategoriesTest" name="update_Subcategory" time="5.194"/>
  <system-out/>
  <testcase classname="com.qa.adminTest.CategoriesTest" name="delete_Subcategory" time="6.608"/>
  <system-out/>
</testsuite> <!-- com.qa.adminTest.CategoriesTest -->
