<?xml version="1.0" encoding="UTF-8"?>
<!-- Generated by org.testng.reporters.JUnitReportReporter -->
<testsuite hostname="DESKTOP-VNAON2C" failures="0" tests="3" name="com.qa.adminTest.ManufacturersTest" time="62.813" errors="0" timestamp="2024-01-12T12:02:52 IST" skipped="0">
  <testcase classname="com.qa.adminTest.ManufacturersTest" name="add_New_Manufacture" time="15.705"/>
  <system-out/>
  <testcase classname="com.qa.adminTest.ManufacturersTest" name="update_Manufacturer" time="20.487"/>
  <system-out/>
  <testcase classname="com.qa.adminTest.ManufacturersTest" name="delete_Manufacturer" time="26.621"/>
  <system-out/>
</testsuite> <!-- com.qa.adminTest.ManufacturersTest -->
