<?xml version="1.0" encoding="UTF-8"?>
<!-- Generated by org.testng.reporters.JUnitReportReporter -->
<testsuite hostname="DESKTOP-VNAON2C" failures="0" tests="3" name="com.qa.adminTest.ManufacturersTest" time="50.070" errors="0" timestamp="2024-01-10T19:59:48 IST" skipped="0">
  <testcase classname="com.qa.adminTest.ManufacturersTest" name="addNewManufacture" time="10.889"/>
  <system-out/>
  <testcase classname="com.qa.adminTest.ManufacturersTest" name="updateManufacturer" time="19.037"/>
  <system-out/>
  <testcase classname="com.qa.adminTest.ManufacturersTest" name="deleteManufacturer" time="20.144"/>
  <system-out/>
</testsuite> <!-- com.qa.adminTest.ManufacturersTest -->
